I&C SCI 3;Internet Technologies and their Social Impact;4;Examines current Internet technologies and social implications at the individual, group, and societal level. Blogs, wikis, sharing of video, photos, and music, e-commerce, social networking, gaming, and virtual environments. Issues include privacy, trust, identity, reputation, governance, copyright, and malicious behavior.;(III);
I&C SCI 4;Human Factors for the Web;4;Principles of human-computer interaction in evaluating, designing, and developing information presented on the World Wide Web. User characteristics, usability analysis, navigation and organization. Color, typography, multimedia, information visualization, prototyping, user studies, evaluation strategies. Web accessibility.;Restriction: May not be taken for credit after IN4MATX 131.;(II);
I&C SCI 5;Global Disruption and Information Technology;4;Explores how new forms of information technology may support transition to a sustainable civilization. Topics include design and implementation of IT systems, science of global change, online community building, and “green IT”. Activities involve reading, writing, discussion, and final project.;(II);
I&C SCI 6B;Boolean Logic and Discrete Structures;4;Relations and their properties; Boolean algebras, formal languages; finite automata.;Prerequisite: High school mathematics through trigonometry.
;Restriction: School of Info & Computer Sci students have first consideration for enrollment. Computer Science Engineering Majors have first consideration for enrollment.;(Vb);
I&C SCI 6D;Discrete Mathematics for Computer Science;4;Covers essential tools from discrete mathematics used in computer science with an emphasis on the process of abstracting computational problems and analyzing them mathematically. Topics include mathematical induction, combinatorics, and recurrence relations.;Prerequisite: Recommended: I&C SCI 6B
;Restriction: School of Info & Computer Sci students have first consideration for enrollment. Computer Science Engineering Majors have first consideration for enrollment. Computer Engineering majors have second consideration.;(Vb);
I&C SCI 6N;Computational Linear Algebra;4;Matrices and linear transformations, systems of linear equations, determinants, linear vector spaces, eigenvalues and eigenvectors, orthogonal matrices, diagonalization, and least squares. Topics taught primarily from an algorithmic perspective, including computational solutions, applications, and numerical error analysis.;Prerequisite: I&C SCI 31 or I&C SCI 32A or AP Computer Science A. AP Computer Science A with a minimum score of 3
;Overlaps with MATH 3A.
;Restriction: School of Info & Computer Sci students have first consideration for enrollment. Computer Science Engineering Majors have first consideration for enrollment.;(II and V.B ).;
I&C SCI 7;Spreadsheets for Problem-Solving;4;Features useful tools for building, solving, analyzing, and visualizing computational models in diverse areas. Covered features include data entry and protection; numerical, logical and relational computation; displaying, highlighting, and sorting data; storing, summarizing, and querying databases; and VB scripting.;(Va);
I&C SCI 10;How Computers Work;4;Introduction to digital computer and communication systems. Capabilities and limitations of information technology. Representing information in digital form. Overview of computer organization, internet, operating systems, software. Human-computer interaction and social impact.;Restriction: May not be taken for credit after I&C SCI 31, I&C SCI 32, I&C SCI 32A, I&C SCI 51, I&C SCI 105, or IN4MATX 43. ;(II);
I&C SCI 11;The Internet and Public Policy;4;How the Internet works. Current public policy issues concerning the Internet. Introductory economics. Communications law. Interactions between information technology, economics, and law. Case studies about Internet and communications policy.;Same as ECON 11.
;(II or III ).;
I&C SCI 20;Invitation to Computing;4;Foundational principles of computer science for students with no computing background that are interested in a related career. Big ideas of computing explored, including programming through use of sequential, conditional, iterative logic. Good computational practices, problem solving, and organization discussed.;
I&C SCI 31;Introduction to Programming;4;Introduction to fundamental concepts and techniques for writing software in a high-level programming language. Covers the syntax and semantics of data types, expressions, exceptions, control structures, input/output, methods, classes, and pragmatics of programming.;Overlaps with EECS 10, EECS 12, ENGRMAE 10.
;Restriction: School of Info & Computer Sci students have first consideration for enrollment. Computer Science Engineering Majors have first consideration for enrollment.;(II and VB ).;
I&C SCI 32;Programming with Software Libraries;4;Construction of programs for problems and computing environments more varied than in I&C SCI 31. Using library modules for applications such as graphics, sound, GUI, database, Web, and network programming. Language features beyond those in I&C SCI 31 are introduced as needed.;Prerequisite: I&C SCI 31 or CSE 41. I&C SCI 31 with a grade of C or better. CSE 41 with a grade of C or better
;Restriction: School of Info & Computer Sci students have first consideration for enrollment. Computer Science Engineering Majors have first consideration for enrollment.;(II and (VA or VB) ).;
I&C SCI 32A;Python Programming and Libraries (Accelerated);4;Introduces Python syntax and semantics for fundamental programming concepts.  Constructing programs for varied problems and environments. Using library modules for applications such as graphics, sound, GUI, database, Web, and network programming. Accelerated course for students with previous programming background.;Prerequisite: AP Computer Science A. AP Computer Science A with a minimum score of 3. Placement via a transfer course in computer programming or equivalent experience may also be accepted upon review.
;Restriction: School of Info & Computer Sci students have first consideration for enrollment. Computer Science Engineering Majors have first consideration for enrollment.;(II and (VA or VB) ).;
I&C SCI 33;Intermediate Programming;4;Intermediate-level language features and programming concepts for larger, more complex, higher-quality software. Functional programming, name spaces, modules, class protocols, inheritance, iterators, generators, operator overloading, reflection. Analysis of time and space efficiency.;Prerequisite: I&C SCI 32 or CSE 42 or I&C SCI 32A. I&C SCI 32 with a grade of C or better. CSE 42 with a grade of C or better. I&C SCI 32A with a grade of C or better
;Restriction: School of Info & Computer Sci students have first consideration for enrollment. Computer Science Engineering Majors have first consideration for enrollment.;(II and VB ).;
I&C SCI 45C;Programming in C/C++ as a Second Language;4;An introduction to the lexical, syntactic, semantic, and pragmatic characteristics of the C/C++ languages for experienced programmers. Emphasis on object-oriented programming, using standard libraries, and programming with manual garbage collection.;Prerequisite: I&C SCI 33 or CSE 43 or EECS 40. I&C SCI 33 with a grade of C or better. CSE 43 with a grade of C or better. EECS 40 with a grade of C or better
;Restriction: School of Info & Computer Sci students have first consideration for enrollment. Computer Science Engineering Majors have first consideration for enrollment.;
I&C SCI 45J;Programming in Java as a Second Language;4;An introduction to the lexical, syntactic, semantic, and pragmatic characteristics of the Java language for experienced programmers. Emphasis on object-oriented programming, using standard libraries, and programming with automatic garbage collection.;Prerequisite: I&C SCI 33 or CSE 43. I&C SCI 33 with a grade of C or better. CSE 43 with a grade of C or better
;Overlaps with I&C SCI 22, I&C SCI 23, CSE 23.
;Restriction: School of Info & Computer Sci students have first consideration for enrollment. Computer Science Engineering Majors have first consideration for enrollment. I&C SCI 45J may not be taken for credit after I&C SCI 22, I&C SCI 23, or CSE 23.;
I&C SCI 46;Data Structure Implementation and Analysis;4;Focuses on implementation and mathematical analysis of fundamental data structures and algorithms. Covers storage allocation and memory management techniques.;Prerequisite: CSE 45C or I&C SCI 45C. CSE 45C with a grade of C or better. I&C SCI 45C with a grade of C or better
;Restriction: School of Info & Computer Sci students have first consideration for enrollment. Computer Science Engineering Majors have first consideration for enrollment.;(Vb);
I&C SCI 51;Introductory Computer Organization;6;Multilevel view, design, and operation of computer system components. Machine-level data and instruction representation. Instruction sets and addressing modes. Memory organization. Laboratory work using low-level programming languages.;Prerequisite: I&C SCI 33 and I&C SCI 6B
;Restriction: School of Info & Computer Sci students have first consideration for enrollment.;(II);
I&C SCI 53;Principles in System Design;4;Introduces basic principles of system software: operating systems, compilers, and networking. Exposure to the following topics through theoretical and practical programming experiences: linking and loading, process and memory management, concurrency and synchronization, network communication, programming for performance, etc.;Corequisite: I&C SCI 53L
Prerequisite: I&C SCI 46 and I&C SCI 51. I&C SCI 46 with a grade of C or better. I&C SCI 51 with a grade of C or better
;Restriction: School of Info & Computer Sci students have first consideration for enrollment. Computer Science Engineering Majors have first consideration for enrollment.;
I&C SCI 53L;Principles in System Design Laboratory;2;Required laboratory section and corequisite for I&C SCI 53.;Corequisite: I&C SCI 53
Prerequisite: I&C SCI 51
;Restriction: School of Info & Computer Sci students have first consideration for enrollment.;
I&C SCI 60;Games and Society;4;The study and critical analysis of computer games as art objects, cultural artifacts, gateways to virtual worlds, educational aids, and tools for persuasion and social change. Emphasis on understanding games in their historical and cultural context.  Materials fee.;Same as GDIM 41.
;Restriction: Computer Game Science Majors have first consideration for enrollment. Game Design and Interactive Media students have first consideration for enrollment. School of ICS majors have second right of consideration.;(III);
I&C SCI 61;Game Design Fundamentals;4;Explore the fundamentals of game design through the design and play of simple analog game systems. Students explore the principles and usage of game design elements through hands-on projects emphasizing iteration and playtesting in a creative game design community.;Same as GDIM 25.
;Restriction: Computer Game Science Majors have first consideration for enrollment. Game Design and Interactive Media students have first consideration for enrollment. School of ICS majors have second right of consideration;(II);
I&C SCI 62;Game Technologies and Interactive Media;4;Technologies for interactive media and game design. Web-based software systems, virtual world platforms, and game engines. Emphasis is on conceptual and architectural aspects of these technologies.;Prerequisite: I&C SCI 31 or I&C SCI 32A
;
I&C SCI 80;Special Topics in Information and Computer Science;2-4;Studies in selected areas of information and computer sciences. Topics addressed vary each quarter.;Prerequisite: Prerequisites vary. 
;Repeatability: Unlimited as topics vary.;
I&C SCI 90;New Students Seminar;1;Introduces students to the Donald Bren School of Information and Computer Sciences. Focuses on advising students making the transition to UCI, community building, and mostly surveying the technical areas within departments in ICS, via talks by faculty on their research.;Grading Option: Pass/no pass only.;Restriction: School of Info & Computer Sci students have first consideration for enrollment.;
I&C SCI 139W;Critical Writing on Information Technology;4;Study and practice of critical writing and oral communication as it applies to information technology. Each student writes assignments of varying lengths, totaling at least 4,000 words.;Prerequisite: Satisfactory completion of the Lower-Division Writing requirement.
;Restriction: Upper-division students only. School of Info & Computer Sci students have first consideration for enrollment.;(Ib);
I&C SCI 161;Game Engine Lab;4;The use of an open source game or graphics engine in the design and implementation of a computer game. Principles of game engine design. Students work on teams to design, implement, and evaluate new computer games based on an engine.;Prerequisite: I&C SCI 45C or CSE 45C
;Restriction: School of Info & Computer Sci students have first consideration for enrollment.;
I&C SCI 162;Modeling and World Building;4;Use of 3D modeling software and related tools to design and create animated, textured models, and expansive virtual worlds incorporating objects, scenes, and venues for activity within game worlds and online environments.;Prerequisite or corequisite: I&C SCI 33 and (I&C SCI 6N or MATH 3A) and I&C SCI 61
;Restriction: School of Info & Computer Sci students have first consideration for enrollment.;
I&C SCI 163;Mobile and Ubiquitous Games;4;Design and technology of mobile games, including mixed reality gaming, urban games, and locative media. Case studies of significant systems. Uses and limitations of location-based technologies. Infrastructures and their relationships to gameplay and design.;Prerequisite: I&C SCI 61 and (I&C SCI 10 or I&C SCI 31 or I&C SCI 32A)
;
I&C SCI 166;Game Design;4;Game design takes into consideration psychology, narrative, platform features and limitations, marketing, computer science capabilities, human-computer interface principles, industry trends, aesthetic judgment, and other factors. Students focus on video game design through lectures, readings, presentations, implementation, and play testing.;Prerequisite: I&C SCI 61 and IN4MATX 43
;Restriction: School of Info & Computer Sci students have first consideration for enrollment. Computer Game Science Majors have first consideration for enrollment.;
I&C SCI 167;Multiplayer Game Systems;4;Foundations and technologies that enable multiuser, networked, and persistent virtual environments. Emphasis on database design and management, network protocols, and concurrency control to accommodate large numbers of simultaneous users.;Prerequisite: I&C SCI 51
;Restriction: School of Info & Computer Sci students have first consideration for enrollment. Computer Game Science Majors have first consideration for enrollment.;
I&C SCI 168;Multiplayer Game Project;4;Design and develop a multiplayer game using Unity or similar engine, with a focus on learning to work in a development team, writing design documents, working with platform features and limitations, developing engaging mechanics, playtesting, and post-mortems.;Prerequisite: GDIM 27 and GDIM 33 and GDIM 51 and GDIM 61. GDIM 27 with a grade of C or better. GDIM 33 with a grade of C or better
;Same as GDIM 161.
;Restriction: Computer Game Science Majors have first consideration for enrollment. Game Design and Interactive Media students have first consideration for enrollment. School of ICS majors are given second consideration.;
I&C SCI 169A;Capstone Game Project I;4;Students work in teams to design and implement a unique game or interactive experience. Emphasis on sound, art, and level design, building a community, production values, full utilization of hardware and software platform, and current industry trends.;Prerequisite: I&C SCI 168 or (GDIM 131 and GDIM 161). GDIM 161 with a grade of C or better
;Grading Option: In Progress (Letter Grade with P/NP).;Same as GDIM 167A.
;Restriction: Seniors only. Computer Game Science Majors have first consideration for enrollment. Game Design and Interactive Media students have first consideration for enrollment. School of ICS majors given second right of consideration.;
I&C SCI 169B;Capstone Game Project II;4;Students continue work in teams to design and implement a unique game or interactive experience. Emphasis on sound, art, and level design, building a community, production values, full utilization of hardware and software platform, and current industry trends.;Prerequisite: GDIM 167A or I&C SCI 169A. GDIM 167A with a grade of C or better. I&C SCI 169A with a grade of C or better. In Progress grade for GDIM 167A or I&C SCI 169A also accepted.
;Same as GDIM 167B.
;Restriction: Seniors only. Computer Game Science Majors have first consideration for enrollment. Game Design and Interactive Media students have first consideration for enrollment. School of ICS majors given second right of consideration.;
I&C SCI 192;Industrial or Public Sector Field Study;2-4;Students participate in an off-campus, supervised internship for a minimum of 60 hours. Students apply classroom knowledge through internship projects in the private sector or nonprofit agencies.;Grading Option: Pass/no pass only.;Repeatability: May be taken for credit 4 times.;Restriction: School of Info & Computer Sci students have first consideration for enrollment. Computer Science Engineering Majors have first consideration for enrollment.;
I&C SCI 193;Tutoring in ICS;2;Principles and practice of providing technical assistance to novice learners in information and computer sciences.;Repeatability: May be taken for credit for 18 units.;Restriction: ICS Peer Tutoring Program students only.;
I&C SCI H197;Honors Seminar;2;An overview of computer science and selected recent trends in research. Students attend talks on current faculty research, with opportunities for discussion.;Grading Option: Pass/no pass only.;Restriction: Bren School of ICS Honors students only. Campuswide Honors Collegium students only.;
I&C SCI 398A;Teaching Assistant Training Seminar;2;Theories, methods, and resources for teaching computer science at the university level, particularly by teaching assistants. Classroom presentations, working with individuals, grading, motivating students. Participants will give and critique presentations and may be videotaped while teaching.;Grading Option: Satisfactory/unsatisfactory only.;
I&C SCI 398B;Advanced Teaching Assistant Seminar;4;Teaching computer science at the university level, emphasizing issues in teaching an entire course. Course organization, designing examinations and projects, grading, motivating students. Participants will begin to assemble teaching portfolios.;Prerequisite: I&C SCI 398A
;Grading Option: Satisfactory/unsatisfactory only.;
I&C SCI 399;University Teaching;4;Involves on-the-job experience for Teaching Assistants.;Grading Option: Satisfactory/unsatisfactory only.;Repeatability: May be repeated for credit unlimited times.;Restriction: Teaching assistants only. ;
